[0.238s] Invoking command in '/home/gregory2/fyp_ws/build/fyp_ws': DEBUGINFOD_URLS=https://debuginfod.ubuntu.com /usr/bin/cmake --build /home/gregory2/fyp_ws/build/fyp_ws -- -j4 -l4
[1.558s] -- Found ament_cmake: 2.5.2 (/opt/ros/jazzy/share/ament_cmake/cmake)
[2.128s] -- Override CMake install command with custom implementation using symlinks instead of copying resources
[2.393s] -- Found rclcpp: 28.1.3 (/opt/ros/jazzy/share/rclcpp/cmake)
[2.681s] -- Found rosidl_generator_c: 4.6.3 (/opt/ros/jazzy/share/rosidl_generator_c/cmake)
[2.756s] -- Found rosidl_generator_cpp: 4.6.3 (/opt/ros/jazzy/share/rosidl_generator_cpp/cmake)
[2.833s] -- Using all available rosidl_typesupport_c: rosidl_typesupport_fastrtps_c;rosidl_typesupport_introspection_c
[2.863s] -- Using all available rosidl_typesupport_cpp: rosidl_typesupport_fastrtps_cpp;rosidl_typesupport_introspection_cpp
[3.160s] -- Found rmw_implementation_cmake: 7.3.1 (/opt/ros/jazzy/share/rmw_implementation_cmake/cmake)
[3.190s] -- Found rmw_fastrtps_cpp: 8.4.1 (/opt/ros/jazzy/share/rmw_fastrtps_cpp/cmake)
[3.561s] -- Using RMW implementation 'rmw_fastrtps_cpp' as default
[3.847s] -- Found std_msgs: 5.3.5 (/opt/ros/jazzy/share/std_msgs/cmake)
[3.907s] -- Found geometry_msgs: 5.3.5 (/opt/ros/jazzy/share/geometry_msgs/cmake)
[3.958s] -- Found control_msgs: 5.2.0 (/opt/ros/jazzy/share/control_msgs/cmake)
[4.252s] -- Found rclcpp_action: 28.1.3 (/opt/ros/jazzy/share/rclcpp_action/cmake)
[4.302s] -- Found ros_gz_sim: 1.0.2 (/opt/ros/jazzy/share/ros_gz_sim/cmake)
[4.469s] -- Found ros_gz_bridge: 1.0.2 (/opt/ros/jazzy/share/ros_gz_bridge/cmake)
[4.845s] -- Looking for gz-msgs10 -- found version 10.3.0
[4.958s] -- Searching for dependencies of gz-msgs10
[7.821s] -- Found Protobuf: /usr/lib/x86_64-linux-gnu/libprotobuf.so (found version "3.21.12") 
[7.849s] -- Looking for gz-utils2 -- found version 2.2.0
[7.850s] -- Searching for dependencies of gz-utils2
[7.874s] -- Looking for gz-math7 -- found version 7.5.0
[7.875s] -- Searching for dependencies of gz-math7
[7.875s] -- Looking for gz-utils2 -- found version 2.2.0
[7.897s] -- Checking for module 'tinyxml2'
[8.057s] --   Found tinyxml2, version 10.0.0
[8.348s] -- Looking for gz-transport13 -- found version 13.4.0
[8.348s] -- Searching for dependencies of gz-transport13
[8.405s] -- Config-file not installed for ZeroMQ -- checking for pkg-config
[8.411s] -- Checking for module 'libzmq >= 4'
[8.471s] --   Found libzmq, version 4.3.5
[8.600s] -- Found ZeroMQ: TRUE (Required is at least version "4") 
[8.652s] -- Checking for module 'uuid'
[8.686s] --   Found uuid, version 2.39.3
[8.731s] -- Found UUID: TRUE  
[8.732s] -- Looking for gz-utils2 -- found version 2.2.0
[8.732s] -- Searching for dependencies of gz-utils2
[8.732s] -- Searching for <gz-utils2> component [cli]
[8.793s] -- Looking for gz-utils2-cli -- found version 2.2.0
[8.793s] -- Searching for dependencies of gz-utils2-cli
[8.794s] -- Looking for gz-msgs10 -- found version 10.3.0
[9.441s] -- Found ament_lint_auto: 0.17.1 (/opt/ros/jazzy/share/ament_lint_auto/cmake)
[9.595s] Error parsing '/home/gregory2/fyp_ws/package.xml':
[46.825s] Traceback (most recent call last):
[46.825s]   File "/opt/ros/jazzy/share/ament_cmake_core/cmake/core/package_xml_2_cmake.py", line 150, in <module>
[46.825s]     main()
[46.825s]   File "/opt/ros/jazzy/share/ament_cmake_core/cmake/core/package_xml_2_cmake.py", line 53, in main
[46.825s]     raise e
[46.826s]   File "/opt/ros/jazzy/share/ament_cmake_core/cmake/core/package_xml_2_cmake.py", line 49, in main
[46.826s]     package = parse_package_string(
[46.826s]               ^^^^^^^^^^^^^^^^^^^^^
[46.826s]   File "/usr/lib/python3/dist-packages/catkin_pkg/package.py", line 786, in parse_package_string
[46.826s]     raise InvalidPackage('Error(s):%s' % (''.join(['\n- %s' % e for e in errors])), filename)
[46.826s] catkin_pkg.package.InvalidPackage: Error(s) in package '/home/gregory2/fyp_ws/package.xml':
[46.826s] Error(s):
[46.827s] - The generic dependency on 'ros_gz_bridge' is redundant with: exec_depend
[46.877s] [31mCMake Error at /opt/ros/jazzy/share/ament_cmake_core/cmake/core/ament_package_xml.cmake:95 (message):
[46.878s]   execute_process(/usr/bin/python3
[46.878s]   /opt/ros/jazzy/share/ament_cmake_core/cmake/core/package_xml_2_cmake.py
[46.878s]   /home/gregory2/fyp_ws/package.xml
[46.878s]   /home/gregory2/fyp_ws/build/fyp_ws/ament_cmake_core/package.cmake) returned
[46.878s]   error code 1
[46.878s] Call Stack (most recent call first):
[46.878s]   /opt/ros/jazzy/share/ament_cmake_core/cmake/core/ament_package_xml.cmake:49 (_ament_package_xml)
[46.878s]   /opt/ros/jazzy/share/ament_lint_auto/cmake/ament_lint_auto_find_test_dependencies.cmake:31 (ament_package_xml)
[46.878s]   CMakeLists.txt:59 (ament_lint_auto_find_test_dependencies)
[46.878s] 
[46.878s] [0m
[46.879s] -- Configuring incomplete, errors occurred!
[46.936s] gmake: *** [Makefile:308: cmake_check_build_system] Error 1
[46.939s] Invoked command in '/home/gregory2/fyp_ws/build/fyp_ws' returned '2': DEBUGINFOD_URLS=https://debuginfod.ubuntu.com /usr/bin/cmake --build /home/gregory2/fyp_ws/build/fyp_ws -- -j4 -l4
