[0.154s] Invoking command in '/home/gregory2/fyp_ws/build/fyp_ws': DEBUGINFOD_URLS=https://debuginfod.ubuntu.com /usr/bin/cmake --build /home/gregory2/fyp_ws/build/fyp_ws -- -j4 -l4
[1.486s] -- Found ament_cmake: 2.5.2 (/opt/ros/jazzy/share/ament_cmake/cmake)
[1.964s] -- Override CMake install command with custom implementation using symlinks instead of copying resources
[2.143s] -- Found rclcpp: 28.1.3 (/opt/ros/jazzy/share/rclcpp/cmake)
[2.442s] -- Found rosidl_generator_c: 4.6.3 (/opt/ros/jazzy/share/rosidl_generator_c/cmake)
[2.517s] -- Found rosidl_generator_cpp: 4.6.3 (/opt/ros/jazzy/share/rosidl_generator_cpp/cmake)
[2.572s] -- Using all available rosidl_typesupport_c: rosidl_typesupport_fastrtps_c;rosidl_typesupport_introspection_c
[2.601s] -- Using all available rosidl_typesupport_cpp: rosidl_typesupport_fastrtps_cpp;rosidl_typesupport_introspection_cpp
[2.899s] -- Found rmw_implementation_cmake: 7.3.1 (/opt/ros/jazzy/share/rmw_implementation_cmake/cmake)
[2.917s] -- Found rmw_fastrtps_cpp: 8.4.1 (/opt/ros/jazzy/share/rmw_fastrtps_cpp/cmake)
[3.251s] -- Using RMW implementation 'rmw_fastrtps_cpp' as default
[3.497s] -- Found std_msgs: 5.3.5 (/opt/ros/jazzy/share/std_msgs/cmake)
[3.534s] -- Found geometry_msgs: 5.3.5 (/opt/ros/jazzy/share/geometry_msgs/cmake)
[3.574s] -- Found control_msgs: 5.2.0 (/opt/ros/jazzy/share/control_msgs/cmake)
[3.813s] -- Found rclcpp_action: 28.1.3 (/opt/ros/jazzy/share/rclcpp_action/cmake)
[3.874s] -- Found ros_gz_sim: 1.0.2 (/opt/ros/jazzy/share/ros_gz_sim/cmake)
[3.886s] -- Found ros_gz_bridge: 1.0.2 (/opt/ros/jazzy/share/ros_gz_bridge/cmake)
[4.096s] -- Looking for gz-msgs10 -- found version 10.3.0
[4.208s] -- Searching for dependencies of gz-msgs10
[5.080s] -- Looking for gz-utils2 -- found version 2.2.0
[5.081s] -- Searching for dependencies of gz-utils2
[5.105s] -- Looking for gz-math7 -- found version 7.5.0
[5.106s] -- Searching for dependencies of gz-math7
[5.106s] -- Looking for gz-utils2 -- found version 2.2.0
[5.128s] -- Checking for module 'tinyxml2'
[5.277s] --   Found tinyxml2, version 10.0.0
[5.582s] -- Looking for gz-transport13 -- found version 13.4.0
[5.582s] -- Searching for dependencies of gz-transport13
[5.637s] -- Config-file not installed for ZeroMQ -- checking for pkg-config
[5.643s] -- Checking for module 'libzmq >= 4'
[5.702s] --   Found libzmq, version 4.3.5
[5.839s] -- Checking for module 'uuid'
[5.883s] --   Found uuid, version 2.39.3
[5.926s] -- Looking for gz-utils2 -- found version 2.2.0
[5.926s] -- Searching for dependencies of gz-utils2
[5.927s] -- Searching for <gz-utils2> component [cli]
[5.947s] -- Looking for gz-utils2-cli -- found version 2.2.0
[5.947s] -- Searching for dependencies of gz-utils2-cli
[5.948s] -- Looking for gz-msgs10 -- found version 10.3.0
[6.344s] -- Found xacro: 2.0.11 (/opt/ros/jazzy/share/xacro/cmake)
[6.395s] -- Found ament_lint_auto: 0.17.1 (/opt/ros/jazzy/share/ament_lint_auto/cmake)
[6.547s] Error parsing '/home/gregory2/fyp_ws/package.xml':
[44.247s] Traceback (most recent call last):
[44.247s]   File "/opt/ros/jazzy/share/ament_cmake_core/cmake/core/package_xml_2_cmake.py", line 150, in <module>
[44.247s]     main()
[44.248s]   File "/opt/ros/jazzy/share/ament_cmake_core/cmake/core/package_xml_2_cmake.py", line 53, in main
[44.248s]     raise e
[44.248s]   File "/opt/ros/jazzy/share/ament_cmake_core/cmake/core/package_xml_2_cmake.py", line 49, in main
[44.248s]     package = parse_package_string(
[44.248s]               ^^^^^^^^^^^^^^^^^^^^^
[44.249s]   File "/usr/lib/python3/dist-packages/catkin_pkg/package.py", line 786, in parse_package_string
[44.249s]     raise InvalidPackage('Error(s):%s' % (''.join(['\n- %s' % e for e in errors])), filename)
[44.249s] catkin_pkg.package.InvalidPackage: Error(s) in package '/home/gregory2/fyp_ws/package.xml':
[44.249s] Error(s):
[44.249s] - The generic dependency on 'ros_gz_sim' is redundant with: exec_depend
[44.249s] - The generic dependency on 'xacro' is redundant with: exec_depend
[44.250s] - The generic dependency on 'robot_state_publisher' is redundant with: exec_depend
[44.315s] [31mCMake Error at /opt/ros/jazzy/share/ament_cmake_core/cmake/core/ament_package_xml.cmake:95 (message):
[44.316s]   execute_process(/usr/bin/python3
[44.316s]   /opt/ros/jazzy/share/ament_cmake_core/cmake/core/package_xml_2_cmake.py
[44.316s]   /home/gregory2/fyp_ws/package.xml
[44.316s]   /home/gregory2/fyp_ws/build/fyp_ws/ament_cmake_core/package.cmake) returned
[44.316s]   error code 1
[44.316s] Call Stack (most recent call first):
[44.316s]   /opt/ros/jazzy/share/ament_cmake_core/cmake/core/ament_package_xml.cmake:49 (_ament_package_xml)
[44.316s]   /opt/ros/jazzy/share/ament_lint_auto/cmake/ament_lint_auto_find_test_dependencies.cmake:31 (ament_package_xml)
[44.316s]   CMakeLists.txt:61 (ament_lint_auto_find_test_dependencies)
[44.316s] 
[44.316s] [0m
[44.317s] -- Configuring incomplete, errors occurred!
[44.381s] gmake: *** [Makefile:308: cmake_check_build_system] Error 1
[44.384s] Invoked command in '/home/gregory2/fyp_ws/build/fyp_ws' returned '2': DEBUGINFOD_URLS=https://debuginfod.ubuntu.com /usr/bin/cmake --build /home/gregory2/fyp_ws/build/fyp_ws -- -j4 -l4
